Arguments: 
  /usr/local/bin/node /usr/local/bin/yarn

PATH: 
  /usr/local/sbin:/usr/local/bin:/usr/sbin:/usr/bin:/sbin:/bin:/usr/games:/usr/local/games

Yarn version: 
  1.13.0

Node version: 
  8.12.0

Platform: 
  linux x64

Trace: 
  Error: EACCES: permission denied, unlink '/home/federico/codigo/proyectos/cancionero-react/server/node_modules/express-validator/CONTRIBUTING.md'

npm manifest: 
  {
    "name": "server",
    "version": "0.0.0",
    "private": true,
    "scripts": {
      "start-dev": "nodemon ./bin/www",
      "start": "node ./bin/www"
    },
    "dependencies": {
      "bcrypt": "^3.0.6",
      "body-parser": "^1.18.3",
      "cookie-parser": "~1.4.3",
      "cors": "^2.8.5",
      "debug": "~2.6.9",
      "elasticsearch": "^15.4.1",
      "express": "~4.16.0",
      "express-validator": "^5.3.1",
      "http-errors": "~1.6.2",
      "jade": "~1.11.0",
      "mongoose": "^5.4.19",
      "morgan": "~1.9.0",
      "nodemon": "^1.18.10"
    }
  }

yarn manifest: 
  No manifest

Lockfile: 
  No lockfile
